DEBUG:root:column "rank" does not exist
LINE 1: select rank from memory where src='word' and dst='string';
               ^

DEBUG:root:column "rank" of relation "memory" does not exist
LINE 1: insert into memory(src,dst,rank) values('word','string',0.05...
                                   ^

DEBUG:root:column "rank" does not exist
LINE 1: select rank from memory where src='word' and dst='string';
               ^

DEBUG:root:column "rank" does not exist
LINE 1: select * from memory where src='word' order by rank;
                                                       ^

DEBUG:root:column "rank" does not exist
LINE 1: select rank from memory where src='word' and dst='string';
               ^

DEBUG:root:column "rank" of relation "memory" does not exist
LINE 1: insert into memory(src,dst,rank) values('word','string',0.05...
                                   ^

DEBUG:root:column "rank" does not exist
LINE 1: select rank from memory where src='word' and dst='string';
               ^

DEBUG:root:column "rank" does not exist
LINE 1: select * from memory where src='word' order by rank;
                                                       ^

DEBUG:root:column "rank" does not exist
LINE 1: select rank from memory where src='word' and dst='string';
               ^

DEBUG:root:column "rank" does not exist
LINE 1: select rank from memory where src='word' and dst='string';
               ^

DEBUG:root:column "rank" does not exist
LINE 1: select rank from memory where src='word' and dst='string';
               ^

DEBUG:root:column "rank" does not exist
LINE 1: select rank from memory where src='word' and dst='string';
               ^

DEBUG:root:column "rank" does not exist
LINE 1: select rank from memory where src='word' and dst='string';
               ^

DEBUG:root:column "rank" does not exist
LINE 1: select rank from memory where src='word' and dst='string';
               ^

DEBUG:root:column "rank" does not exist
LINE 1: select rank from memory where src='word' and dst='string';
               ^

DEBUG:root:column "rank" does not exist
LINE 1: select rank from memory where src='word' and dst='string';
               ^

DEBUG:root:column "rank" does not exist
LINE 1: select rank from memory where src='word' and dst='string';
               ^

